#
# There is insufficient memory for the Java Runtime Environment to continue.
# Native memory allocation (mmap) failed to map 168296448 bytes for committing reserved memory.
# Possible reasons:
#   The system is out of physical RAM or swap space
#   In 32 bit mode, the process size limit was hit
# Possible solutions:
#   Reduce memory load on the system
#   Increase physical memory or swap space
#   Check if swap backing store is full
#   Use 64 bit Java on a 64 bit OS
#   Decrease Java heap size (-Xmx/-Xms)
#   Decrease number of Java threads
#   Decrease Java thread stack sizes (-Xss)
#   Set larger code cache with -XX:ReservedCodeCacheSize=
# This output file may be truncated or incomplete.
#
#  Out of Memory Error (os_linux.cpp:2671), pid=6193, tid=139919675655936
#
# JRE version: Java(TM) SE Runtime Environment (8.0_20-b26) (build 1.8.0_20-b26)
# Java VM: Java HotSpot(TM) 64-Bit Server VM (25.20-b23 mixed mode linux-amd64 compressed oops)
# Failed to write core dump. Core dumps have been disabled. To enable core dumping, try "ulimit -c unlimited" before starting Java again
#

---------------  T H R E A D  ---------------

Current thread (0x00007f4190009800):  JavaThread "main" [_thread_in_vm, id=6195, stack(0x00007f4196808000,0x00007f4196909000)]

Stack: [0x00007f4196808000,0x00007f4196909000],  sp=0x00007f4196907240,  free space=1020k
Native frames: (J=compiled Java code, j=interpreted, Vv=VM code, C=native code)
V  [libjvm.so+0xa76cea]  VMError::report_and_die()+0x2ca
V  [libjvm.so+0x4e52fb]  report_vm_out_of_memory(char const*, int, unsigned long, VMErrorType, char const*)+0x8b
V  [libjvm.so+0x8e4ec3]  os::Linux::commit_memory_impl(char*, unsigned long, bool)+0x103
V  [libjvm.so+0x8e5419]  os::pd_commit_memory(char*, unsigned long, unsigned long, bool)+0x29
V  [libjvm.so+0x8df0ea]  os::commit_memory(char*, unsigned long, unsigned long, bool)+0x2a
V  [libjvm.so+0x94f1f3]  PSVirtualSpace::expand_by(unsigned long)+0x53
V  [libjvm.so+0x93ff10]  PSOldGen::expand(unsigned long)+0x170
V  [libjvm.so+0x9401ca]  PSOldGen::expand_and_allocate(unsigned long)+0x1a
V  [libjvm.so+0x9402eb]  PSOldGen::allocate(unsigned long)+0xcb
V  [libjvm.so+0x906d8e]  ParallelScavengeHeap::mem_allocate(unsigned long, bool*)+0xfe
V  [libjvm.so+0x62971e]  CollectedHeap::common_mem_allocate_init(KlassHandle, unsigned long, Thread*)+0x17e
V  [libjvm.so+0x6193b5]  InstanceKlass::allocate_objArray(int, int, Thread*)+0x175
V  [libjvm.so+0x9752e4]  OptoRuntime::new_array_C(Klass*, int, JavaThread*)+0x144
v  ~RuntimeStub::_new_array_Java

Java frames: (J=compiled Java code, j=interpreted, Vv=VM code)
v  ~RuntimeStub::_new_array_Java
J 18 C2 java.util.Arrays.copyOf([Ljava/lang/Object;ILjava/lang/Class;)[Ljava/lang/Object; (46 bytes) @ 0x00007f4180ae1268 [0x00007f4180ae1160+0x108]
J 14 C1 java.util.Arrays.copyOf([Ljava/lang/Object;I)[Ljava/lang/Object; (13 bytes) @ 0x00007f4180ad7374 [0x00007f4180ad7280+0xf4]
j  java.util.Vector.grow(I)V+50
J 24% C2 LongestLines.main([Ljava/lang/String;)V (162 bytes) @ 0x00007f4180ae0788 [0x00007f4180ae03a0+0x3e8]
v  ~StubRoutines::call_stub

---------------  P R O C E S S  ---------------

Java Threads: ( => current thread )
  0x00007f41900c0000 JavaThread "Service Thread" daemon [_thread_blocked, id=6211, stack(0x00007f417732f000,0x00007f4177430000)]
  0x00007f41900b2800 JavaThread "C1 CompilerThread2" daemon [_thread_blocked, id=6210, stack(0x00007f4177430000,0x00007f4177531000)]
  0x00007f41900b0800 JavaThread "C2 CompilerThread1" daemon [_thread_blocked, id=6209, stack(0x00007f4177531000,0x00007f4177632000)]
  0x00007f41900ae000 JavaThread "C2 CompilerThread0" daemon [_thread_blocked, id=6208, stack(0x00007f417c0af000,0x00007f417c1b0000)]
  0x00007f41900ab800 JavaThread "Signal Dispatcher" daemon [_thread_blocked, id=6207, stack(0x00007f417c1b0000,0x00007f417c2b1000)]
  0x00007f419007c800 JavaThread "Finalizer" daemon [_thread_blocked, id=6205, stack(0x00007f417c2b1000,0x00007f417c3b2000)]
  0x00007f419007a800 JavaThread "Reference Handler" daemon [_thread_blocked, id=6204, stack(0x00007f417c3b2000,0x00007f417c4b3000)]
=>0x00007f4190009800 JavaThread "main" [_thread_in_vm, id=6195, stack(0x00007f4196808000,0x00007f4196909000)]

Other Threads:
  0x00007f4190073000 VMThread [stack: 0x00007f417c4b3000,0x00007f417c5b4000] [id=6203]
  0x00007f41900c3000 WatcherThread [stack: 0x00007f417722e000,0x00007f417732f000] [id=6212]

VM state:not at safepoint (normal execution)

VM Mutex/Monitor currently owned by a thread:  ([mutex/lock_event])
[0x00007f4190005860] ExpandHeap_lock - owner thread: 0x00007f4190009800
[0x00007f41900063e0] Heap_lock - owner thread: 0x00007f4190009800

Heap:
 PSYoungGen      total 77824K, used 44725K [0x00000000ec700000, 0x00000000f4000000, 0x0000000100000000)
  eden space 77312K, 57% used [0x00000000ec700000,0x00000000ef2ad518,0x00000000f1280000)
  from space 512K, 0% used [0x00000000f3f80000,0x00000000f3f80000,0x00000000f4000000)
  to   space 512K, 0% used [0x00000000f3f00000,0x00000000f3f00000,0x00000000f3f80000)
 ParOldGen       total 120832K, used 82176K [0x00000000c5400000, 0x00000000cca00000, 0x00000000ec700000)
  object space 120832K, 68% used [0x00000000c5400000,0x00000000ca4400a0,0x00000000cca00000)
 Metaspace       used 2446K, capacity 4490K, committed 4864K, reserved 1056768K
  class space    used 264K, capacity 386K, committed 512K, reserved 1048576K

Card table byte_map: [0x00007f4180435000,0x00007f418060c000] byte_map_base: 0x00007f417fe0b000

Marking Bits: (ParMarkBitMap*) 0x00007f4195cd7ac0
 Begin Bits: [0x00007f417e197000, 0x00007f417f047000)
 End Bits:   [0x00007f417f047000, 0x00007f417fef7000)

Polling page: 0x00007f4196923000

CodeCache: size=245760Kb used=1106Kb max_used=1118Kb free=244653Kb
 bounds [0x00007f41809cc000, 0x00007f4180c3c000, 0x00007f418f9cc000]
 total_blobs=246 nmethods=24 adapters=138
 compilation: enabled

Compilation events (10 events):
Event: 0,132 Thread 0x00007f41900b2800   23       3       LongestLines::main (162 bytes)
Event: 0,133 Thread 0x00007f41900b2800 nmethod 23 0x00007f4180add410 code [0x00007f4180add760, 0x00007f4180adeec8]
Event: 0,138 Thread 0x00007f41900b0800 nmethod 19 0x00007f4180ae1410 code [0x00007f4180ae1560, 0x00007f4180ae15f8]
Event: 0,139 Thread 0x00007f41900b0800   24 %     4       LongestLines::main @ 107 (162 bytes)
Event: 0,155 Thread 0x00007f41900ae000 nmethod 18 0x00007f4180ae1010 code [0x00007f4180ae1160, 0x00007f4180ae12d8]
Event: 0,155 Thread 0x00007f41900ae000   20  s    4       java.util.Vector::addAll (64 bytes)
Event: 0,157 Thread 0x00007f41900b0800 nmethod 24% 0x00007f4180ae0210 code [0x00007f4180ae03a0, 0x00007f4180ae0b58]
Event: 0,157 Thread 0x00007f41900b0800   21       4       java.util.PriorityQueue::toArray (12 bytes)
Event: 0,159 Thread 0x00007f41900b0800 nmethod 21 0x00007f4180adfdd0 code [0x00007f4180adff20, 0x00007f4180ae00f8]
Event: 0,162 Thread 0x00007f41900ae000 nmethod 20 0x00007f4180ae24d0 code [0x00007f4180ae2640, 0x00007f4180ae2d08]

GC Heap History (10 events):
Event: 0,288 GC heap before
{Heap before GC invocations=3 (full 0):
 PSYoungGen      total 33280K, used 31056K [0x00000000ec700000, 0x00000000eea00000, 0x0000000100000000)
  eden space 30720K, 100% used [0x00000000ec700000,0x00000000ee500000,0x00000000ee500000)
  from space 2560K, 13% used [0x00000000ee780000,0x00000000ee7d4010,0x00000000eea00000)
  to   space 2560K, 0% used [0x00000000ee500000,0x00000000ee500000,0x00000000ee780000)
 ParOldGen       total 40960K, used 33296K [0x00000000c5400000, 0x00000000c7c00000, 0x00000000ec700000)
  object space 40960K, 81% used [0x00000000c5400000,0x00000000c7484030,0x00000000c7c00000)
 Metaspace       used 2446K, capacity 4490K, committed 4864K, reserved 1056768K
  class space    used 264K, capacity 386K, committed 512K, reserved 1048576K
Event: 0,323 GC heap after
Heap after GC invocations=3 (full 0):
 PSYoungGen      total 33280K, used 304K [0x00000000ec700000, 0x00000000f0800000, 0x0000000100000000)
  eden space 30720K, 0% used [0x00000000ec700000,0x00000000ec700000,0x00000000ee500000)
  from space 2560K, 11% used [0x00000000ee500000,0x00000000ee54c010,0x00000000ee780000)
  to   space 2560K, 0% used [0x00000000f0580000,0x00000000f0580000,0x00000000f0800000)
 ParOldGen       total 40960K, used 33296K [0x00000000c5400000, 0x00000000c7c00000, 0x00000000ec700000)
  object space 40960K, 81% used [0x00000000c5400000,0x00000000c7484030,0x00000000c7c00000)
 Metaspace       used 2446K, capacity 4490K, committed 4864K, reserved 1056768K
  class space    used 264K, capacity 386K, committed 512K, reserved 1048576K
}
Event: 0,398 GC heap before
{Heap before GC invocations=4 (full 0):
 PSYoungGen      total 33280K, used 31024K [0x00000000ec700000, 0x00000000f0800000, 0x0000000100000000)
  eden space 30720K, 100% used [0x00000000ec700000,0x00000000ee500000,0x00000000ee500000)
  from space 2560K, 11% used [0x00000000ee500000,0x00000000ee54c010,0x00000000ee780000)
  to   space 2560K, 0% used [0x00000000f0580000,0x00000000f0580000,0x00000000f0800000)
 ParOldGen       total 82432K, used 74256K [0x00000000c5400000, 0x00000000ca480000, 0x00000000ec700000)
  object space 82432K, 90% used [0x00000000c5400000,0x00000000c9c84040,0x00000000ca480000)
 Metaspace       used 2446K, capacity 4490K, committed 4864K, reserved 1056768K
  class space    used 264K, capacity 386K, committed 512K, reserved 1048576K
Event: 0,475 GC heap after
Heap after GC invocations=4 (full 0):
 PSYoungGen      total 64000K, used 320K [0x00000000ec700000, 0x00000000f0800000, 0x0000000100000000)
  eden space 61440K, 0% used [0x00000000ec700000,0x00000000ec700000,0x00000000f0300000)
  from space 2560K, 12% used [0x00000000f0580000,0x00000000f05d0000,0x00000000f0800000)
  to   space 2560K, 0% used [0x00000000f0300000,0x00000000f0300000,0x00000000f0580000)
 ParOldGen       total 82432K, used 74264K [0x00000000c5400000, 0x00000000ca480000, 0x00000000ec700000)
  object space 82432K, 90% used [0x00000000c5400000,0x00000000c9c86040,0x00000000ca480000)
 Metaspace       used 2446K, capacity 4490K, committed 4864K, reserved 1056768K
  class space    used 264K, capacity 386K, committed 512K, reserved 1048576K
}
Event: 0,657 GC heap before
{Heap before GC invocations=5 (full 0):
 PSYoungGen      total 64000K, used 61760K [0x00000000ec700000, 0x00000000f0800000, 0x0000000100000000)
  eden space 61440K, 100% used [0x00000000ec700000,0x00000000f0300000,0x00000000f0300000)
  from space 2560K, 12% used [0x00000000f0580000,0x00000000f05d0000,0x00000000f0800000)
  to   space 2560K, 0% used [0x00000000f0300000,0x00000000f0300000,0x00000000f0580000)
 ParOldGen       total 164864K, used 156184K [0x00000000c5400000, 0x00000000cf500000, 0x00000000ec700000)
  object space 164864K, 94% used [0x00000000c5400000,0x00000000cec86050,0x00000000cf500000)
 Metaspace       used 2446K, capacity 4490K, committed 4864K, reserved 1056768K
  class space    used 264K, capacity 386K, committed 512K, reserved 1048576K
Event: 0,881 GC heap after
Heap after GC invocations=5 (full 0):
 PSYoungGen      total 64000K, used 320K [0x00000000ec700000, 0x00000000f4000000, 0x0000000100000000)
  eden space 61440K, 0% used [0x00000000ec700000,0x00000000ec700000,0x00000000f0300000)
  from space 2560K, 12% used [0x00000000f0300000,0x00000000f0350000,0x00000000f0580000)
  to   space 512K, 0% used [0x00000000f3f80000,0x00000000f3f80000,0x00000000f4000000)
 ParOldGen       total 164864K, used 156184K [0x00000000c5400000, 0x00000000cf500000, 0x00000000ec700000)
  object space 164864K, 94% used [0x00000000c5400000,0x00000000cec86050,0x00000000cf500000)
 Metaspace       used 2446K, capacity 4490K, committed 4864K, reserved 1056768K
  class space    used 264K, capacity 386K, committed 512K, reserved 1048576K
}
Event: 0,881 GC heap before
{Heap before GC invocations=6 (full 1):
 PSYoungGen      total 64000K, used 320K [0x00000000ec700000, 0x00000000f4000000, 0x0000000100000000)
  eden space 61440K, 0% used [0x00000000ec700000,0x00000000ec700000,0x00000000f0300000)
  from space 2560K, 12% used [0x00000000f0300000,0x00000000f0350000,0x00000000f0580000)
  to   space 512K, 0% used [0x00000000f3f80000,0x00000000f3f80000,0x00000000f4000000)
 ParOldGen       total 164864K, used 156184K [0x00000000c5400000, 0x00000000cf500000, 0x00000000ec700000)
  object space 164864K, 94% used [0x00000000c5400000,0x00000000cec86050,0x00000000cf500000)
 Metaspace       used 2446K, capacity 4490K, committed 4864K, reserved 1056768K
  class space    used 264K, capacity 386K, committed 512K, reserved 1048576K
Event: 4,121 GC heap after
Heap after GC invocations=6 (full 1):
 PSYoungGen      total 64000K, used 0K [0x00000000ec700000, 0x00000000f4000000, 0x0000000100000000)
  eden space 61440K, 0% used [0x00000000ec700000,0x00000000ec700000,0x00000000f0300000)
  from space 2560K, 0% used [0x00000000f0300000,0x00000000f0300000,0x00000000f0580000)
  to   space 512K, 0% used [0x00000000f3f80000,0x00000000f3f80000,0x00000000f4000000)
 ParOldGen       total 120832K, used 82176K [0x00000000c5400000, 0x00000000cca00000, 0x00000000ec700000)
  object space 120832K, 68% used [0x00000000c5400000,0x00000000ca4400a0,0x00000000cca00000)
 Metaspace       used 2446K, capacity 4490K, committed 4864K, reserved 1056768K
  class space    used 264K, capacity 386K, committed 512K, reserved 1048576K
}
Event: 4,552 GC heap before
{Heap before GC invocations=7 (full 1):
 PSYoungGen      total 64000K, used 61440K [0x00000000ec700000, 0x00000000f4000000, 0x0000000100000000)
  eden space 61440K, 100% used [0x00000000ec700000,0x00000000f0300000,0x00000000f0300000)
  from space 2560K, 0% used [0x00000000f0300000,0x00000000f0300000,0x00000000f0580000)
  to   space 512K, 0% used [0x00000000f3f80000,0x00000000f3f80000,0x00000000f4000000)
 ParOldGen       total 120832K, used 82176K [0x00000000c5400000, 0x00000000cca00000, 0x00000000ec700000)
  object space 120832K, 68% used [0x00000000c5400000,0x00000000ca4400a0,0x00000000cca00000)
 Metaspace       used 2446K, capacity 4490K, committed 4864K, reserved 1056768K
  class space    used 264K, capacity 386K, committed 512K, reserved 1048576K
Event: 4,677 GC heap after
Heap after GC invocations=7 (full 1):
 PSYoungGen      total 77824K, used 0K [0x00000000ec700000, 0x00000000f4000000, 0x0000000100000000)
  eden space 77312K, 0% used [0x00000000ec700000,0x00000000ec700000,0x00000000f1280000)
  from space 512K, 0% used [0x00000000f3f80000,0x00000000f3f80000,0x00000000f4000000)
  to   space 512K, 0% used [0x00000000f3f00000,0x00000000f3f00000,0x00000000f3f80000)
 ParOldGen       total 120832K, used 82176K [0x00000000c5400000, 0x00000000cca00000, 0x00000000ec700000)
  object space 120832K, 68% used [0x00000000c5400000,0x00000000ca4400a0,0x00000000cca00000)
 Metaspace       used 2446K, capacity 4490K, committed 4864K, reserved 1056768K
  class space    used 264K, capacity 386K, committed 512K, reserved 1048576K
}

Deoptimization events (0 events):
No events

Internal exceptions (4 events):
Event: 0,028 Thread 0x00007f4190009800 Exception <a 'java/lang/NoSuchMethodError': Method sun.misc.Unsafe.defineClass(Ljava/lang/String;[BII)Ljava/lang/Class; name or signature does not match> (0x00000000ec711c68) thrown at [/HUDSON/workspace/8-2-build-linux-amd64/jdk8u20/1074/hotspot/src/shar
Event: 0,028 Thread 0x00007f4190009800 Exception <a 'java/lang/NoSuchMethodError': Method sun.misc.Unsafe.prefetchRead(Ljava/lang/Object;J)V name or signature does not match> (0x00000000ec711ef8) thrown at [/HUDSON/workspace/8-2-build-linux-amd64/jdk8u20/1074/hotspot/src/share/vm/prims/jni.cpp
Event: 0,070 Thread 0x00007f4190009800 Exception <a 'java/security/PrivilegedActionException'> (0x00000000ec7a0a00) thrown at [/HUDSON/workspace/8-2-build-linux-amd64/jdk8u20/1074/hotspot/src/share/vm/prims/jvm.cpp, line 1275]
Event: 0,076 Thread 0x00007f4190009800 Exception <a 'java/security/PrivilegedActionException'> (0x00000000ec7a8140) thrown at [/HUDSON/workspace/8-2-build-linux-amd64/jdk8u20/1074/hotspot/src/share/vm/prims/jvm.cpp, line 1275]

Events (10 events):
Event: 0,202 Executing VM operation: ParallelGCFailedAllocation
Event: 0,218 Executing VM operation: ParallelGCFailedAllocation done
Event: 0,288 Executing VM operation: ParallelGCFailedAllocation
Event: 0,323 Executing VM operation: ParallelGCFailedAllocation done
Event: 0,398 Executing VM operation: ParallelGCFailedAllocation
Event: 0,475 Executing VM operation: ParallelGCFailedAllocation done
Event: 0,640 Executing VM operation: ParallelGCFailedAllocation
Event: 4,361 Executing VM operation: ParallelGCFailedAllocation done
Event: 4,552 Executing VM operation: ParallelGCFailedAllocation
Event: 4,677 Executing VM operation: ParallelGCFailedAllocation done


Dynamic libraries:
00400000-00401000 r-xp 00000000 fc:00 40370444                           /home/us/dev/jdk1.8.0_20/bin/java
00600000-00601000 rw-p 00000000 fc:00 40370444                           /home/us/dev/jdk1.8.0_20/bin/java
00f4c000-00f6d000 rw-p 00000000 00:00 0                                  [heap]
c5400000-cca00000 rw-p 00000000 00:00 0 
d6a80000-ec700000 ---p 00000000 00:00 0 
ec700000-f4000000 rw-p 00000000 00:00 0 
f4000000-100000000 ---p 00000000 00:00 0 
100000000-100080000 rw-p 00000000 00:00 0 
100080000-140000000 ---p 00000000 00:00 0 
7f4140000000-7f4140021000 rw-p 00000000 00:00 0 
7f4140021000-7f4144000000 ---p 00000000 00:00 0 
7f4148000000-7f414806e000 rw-p 00000000 00:00 0 
7f414806e000-7f414c000000 ---p 00000000 00:00 0 
7f414c000000-7f414c021000 rw-p 00000000 00:00 0 
7f414c021000-7f4150000000 ---p 00000000 00:00 0 
7f4150000000-7f41500aa000 rw-p 00000000 00:00 0 
7f41500aa000-7f4154000000 ---p 00000000 00:00 0 
7f4154000000-7f4154055000 rw-p 00000000 00:00 0 
7f4154055000-7f4158000000 ---p 00000000 00:00 0 
7f4158000000-7f4158021000 rw-p 00000000 00:00 0 
7f4158021000-7f415c000000 ---p 00000000 00:00 0 
7f415c000000-7f415c021000 rw-p 00000000 00:00 0 
7f415c021000-7f4160000000 ---p 00000000 00:00 0 
7f4160000000-7f4160021000 rw-p 00000000 00:00 0 
7f4160021000-7f4164000000 ---p 00000000 00:00 0 
7f4164000000-7f4164021000 rw-p 00000000 00:00 0 
7f4164021000-7f4168000000 ---p 00000000 00:00 0 
7f4168000000-7f4168021000 rw-p 00000000 00:00 0 
7f4168021000-7f416c000000 ---p 00000000 00:00 0 
7f416c000000-7f416c021000 rw-p 00000000 00:00 0 
7f416c021000-7f4170000000 ---p 00000000 00:00 0 
7f4170000000-7f4170023000 rw-p 00000000 00:00 0 
7f4170023000-7f4174000000 ---p 00000000 00:00 0 
7f4176fb9000-7f417722e000 rw-p 00000000 00:00 0 
7f417722e000-7f417722f000 ---p 00000000 00:00 0 
7f417722f000-7f417732f000 rw-p 00000000 00:00 0                          [stack:6212]
7f417732f000-7f4177332000 ---p 00000000 00:00 0 
7f4177332000-7f4177430000 rw-p 00000000 00:00 0                          [stack:6211]
7f4177430000-7f4177433000 ---p 00000000 00:00 0 
7f4177433000-7f4177531000 rw-p 00000000 00:00 0                          [stack:6210]
7f4177531000-7f4177534000 ---p 00000000 00:00 0 
7f4177534000-7f4177632000 rw-p 00000000 00:00 0                          [stack:6209]
7f4177632000-7f4178000000 r--p 00000000 fc:00 12457591                   /usr/lib/locale/locale-archive
7f4178000000-7f4178021000 rw-p 00000000 00:00 0 
7f4178021000-7f417c000000 ---p 00000000 00:00 0 
7f417c089000-7f417c0af000 r--p 00000000 fc:00 13901278                   /usr/share/locale-langpack/es/LC_MESSAGES/libc.mo
7f417c0af000-7f417c0b2000 ---p 00000000 00:00 0 
7f417c0b2000-7f417c1b0000 rw-p 00000000 00:00 0                          [stack:6208]
7f417c1b0000-7f417c1b3000 ---p 00000000 00:00 0 
7f417c1b3000-7f417c2b1000 rw-p 00000000 00:00 0                          [stack:6207]
7f417c2b1000-7f417c2b4000 ---p 00000000 00:00 0 
7f417c2b4000-7f417c3b2000 rw-p 00000000 00:00 0                          [stack:6205]
7f417c3b2000-7f417c3b5000 ---p 00000000 00:00 0 
7f417c3b5000-7f417c4b3000 rw-p 00000000 00:00 0                          [stack:6204]
7f417c4b3000-7f417c4b4000 ---p 00000000 00:00 0 
7f417c4b4000-7f417d575000 rw-p 00000000 00:00 0                          [stack:6203]
7f417d575000-7f417d74b000 r--s 03ca8000 fc:00 40371869                   /home/us/dev/jdk1.8.0_20/jre/lib/rt.jar
7f417d74b000-7f417dc01000 rw-p 00000000 00:00 0 
7f417dc01000-7f417dfc1000 ---p 00000000 00:00 0 
7f417dfc1000-7f417fef7000 rw-p 00000000 00:00 0 
7f417fef7000-7f417fef8000 ---p 00000000 00:00 0 
7f417fef8000-7f417fff8000 rw-p 00000000 00:00 0                          [stack:6202]
7f417fff8000-7f417fff9000 ---p 00000000 00:00 0 
7f417fff9000-7f41800f9000 rw-p 00000000 00:00 0                          [stack:6201]
7f41800f9000-7f41800fa000 ---p 00000000 00:00 0 
7f41800fa000-7f41801fa000 rw-p 00000000 00:00 0                          [stack:6200]
7f41801fa000-7f41801fb000 ---p 00000000 00:00 0 
7f41801fb000-7f4180336000 rw-p 00000000 00:00 0                          [stack:6197]
7f4180336000-7f4180435000 ---p 00000000 00:00 0 
7f4180435000-7f4180470000 rw-p 00000000 00:00 0 
7f4180470000-7f418056e000 ---p 00000000 00:00 0 
7f418056e000-7f41805ab000 rw-p 00000000 00:00 0 
7f41805ab000-7f418060b000 ---p 00000000 00:00 0 
7f418060b000-7f4180616000 rw-p 00000000 00:00 0 
7f4180616000-7f41809cc000 ---p 00000000 00:00 0 
7f41809cc000-7f4180c3c000 rwxp 00000000 00:00 0 
7f4180c3c000-7f418f9cc000 ---p 00000000 00:00 0 
7f418f9cc000-7f418f9e6000 r-xp 00000000 fc:00 40372063                   /home/us/dev/jdk1.8.0_20/jre/lib/amd64/libzip.so
7f418f9e6000-7f418fbe6000 ---p 0001a000 fc:00 40372063                   /home/us/dev/jdk1.8.0_20/jre/lib/amd64/libzip.so
7f418fbe6000-7f418fbe7000 rw-p 0001a000 fc:00 40372063                   /home/us/dev/jdk1.8.0_20/jre/lib/amd64/libzip.so
7f418fbe7000-7f418fbf3000 r-xp 00000000 fc:00 2625747                    /lib/x86_64-linux-gnu/libnss_files-2.21.so
7f418fbf3000-7f418fdf2000 ---p 0000c000 fc:00 2625747                    /lib/x86_64-linux-gnu/libnss_files-2.21.so
7f418fdf2000-7f418fdf3000 r--p 0000b000 fc:00 2625747                    /lib/x86_64-linux-gnu/libnss_files-2.21.so
7f418fdf3000-7f418fdf4000 rw-p 0000c000 fc:00 2625747                    /lib/x86_64-linux-gnu/libnss_files-2.21.so
7f418fdf4000-7f418fdff000 r-xp 00000000 fc:00 2625757                    /lib/x86_64-linux-gnu/libnss_nis-2.21.so
7f418fdff000-7f418fffe000 ---p 0000b000 fc:00 2625757                    /lib/x86_64-linux-gnu/libnss_nis-2.21.so
7f418fffe000-7f418ffff000 r--p 0000a000 fc:00 2625757                    /lib/x86_64-linux-gnu/libnss_nis-2.21.so
7f418ffff000-7f4190000000 rw-p 0000b000 fc:00 2625757                    /lib/x86_64-linux-gnu/libnss_nis-2.21.so
7f4190000000-7f41900df000 rw-p 00000000 00:00 0 
7f41900df000-7f4194000000 ---p 00000000 00:00 0 
7f4194012000-7f4194029000 r-xp 00000000 fc:00 2625741                    /lib/x86_64-linux-gnu/libnsl-2.21.so
7f4194029000-7f4194228000 ---p 00017000 fc:00 2625741                    /lib/x86_64-linux-gnu/libnsl-2.21.so
7f4194228000-7f4194229000 r--p 00016000 fc:00 2625741                    /lib/x86_64-linux-gnu/libnsl-2.21.so
7f4194229000-7f419422a000 rw-p 00017000 fc:00 2625741                    /lib/x86_64-linux-gnu/libnsl-2.21.so
7f419422a000-7f419422c000 rw-p 00000000 00:00 0 
7f419422c000-7f4194234000 r-xp 00000000 fc:00 2625743                    /lib/x86_64-linux-gnu/libnss_compat-2.21.so
7f4194234000-7f4194433000 ---p 00008000 fc:00 2625743                    /lib/x86_64-linux-gnu/libnss_compat-2.21.so
7f4194433000-7f4194434000 r--p 00007000 fc:00 2625743                    /lib/x86_64-linux-gnu/libnss_compat-2.21.so
7f4194434000-7f4194435000 rw-p 00008000 fc:00 2625743                    /lib/x86_64-linux-gnu/libnss_compat-2.21.so
7f4194435000-7f419445f000 r-xp 00000000 fc:00 40372058                   /home/us/dev/jdk1.8.0_20/jre/lib/amd64/libjava.so
7f419445f000-7f419465f000 ---p 0002a000 fc:00 40372058                   /home/us/dev/jdk1.8.0_20/jre/lib/amd64/libjava.so
7f419465f000-7f4194661000 rw-p 0002a000 fc:00 40372058                   /home/us/dev/jdk1.8.0_20/jre/lib/amd64/libjava.so
7f4194661000-7f419466e000 r-xp 00000000 fc:00 40372062                   /home/us/dev/jdk1.8.0_20/jre/lib/amd64/libverify.so
7f419466e000-7f419486e000 ---p 0000d000 fc:00 40372062                   /home/us/dev/jdk1.8.0_20/jre/lib/amd64/libverify.so
7f419486e000-7f4194870000 rw-p 0000d000 fc:00 40372062                   /home/us/dev/jdk1.8.0_20/jre/lib/amd64/libverify.so
7f4194870000-7f4194877000 r-xp 00000000 fc:00 2625802                    /lib/x86_64-linux-gnu/librt-2.21.so
7f4194877000-7f4194a76000 ---p 00007000 fc:00 2625802                    /lib/x86_64-linux-gnu/librt-2.21.so
7f4194a76000-7f4194a77000 r--p 00006000 fc:00 2625802                    /lib/x86_64-linux-gnu/librt-2.21.so
7f4194a77000-7f4194a78000 rw-p 00007000 fc:00 2625802                    /lib/x86_64-linux-gnu/librt-2.21.so
7f4194a78000-7f4194b7f000 r-xp 00000000 fc:00 2625720                    /lib/x86_64-linux-gnu/libm-2.21.so
7f4194b7f000-7f4194d7e000 ---p 00107000 fc:00 2625720                    /lib/x86_64-linux-gnu/libm-2.21.so
7f4194d7e000-7f4194d7f000 r--p 00106000 fc:00 2625720                    /lib/x86_64-linux-gnu/libm-2.21.so
7f4194d7f000-7f4194d80000 rw-p 00107000 fc:00 2625720                    /lib/x86_64-linux-gnu/libm-2.21.so
7f4194d80000-7f41959ea000 r-xp 00000000 fc:00 40372044                   /home/us/dev/jdk1.8.0_20/jre/lib/amd64/server/libjvm.so
7f41959ea000-7f4195be9000 ---p 00c6a000 fc:00 40372044                   /home/us/dev/jdk1.8.0_20/jre/lib/amd64/server/libjvm.so
7f4195be9000-7f4195cc0000 rw-p 00c69000 fc:00 40372044                   /home/us/dev/jdk1.8.0_20/jre/lib/amd64/server/libjvm.so
7f4195cc0000-7f4195d02000 rw-p 00000000 00:00 0 
7f4195d02000-7f4195ec2000 r-xp 00000000 fc:00 2625661                    /lib/x86_64-linux-gnu/libc-2.21.so
7f4195ec2000-7f41960c2000 ---p 001c0000 fc:00 2625661                    /lib/x86_64-linux-gnu/libc-2.21.so
7f41960c2000-7f41960c6000 r--p 001c0000 fc:00 2625661                    /lib/x86_64-linux-gnu/libc-2.21.so
7f41960c6000-7f41960c8000 rw-p 001c4000 fc:00 2625661                    /lib/x86_64-linux-gnu/libc-2.21.so
7f41960c8000-7f41960cc000 rw-p 00000000 00:00 0 
7f41960cc000-7f41960cf000 r-xp 00000000 fc:00 2625678                    /lib/x86_64-linux-gnu/libdl-2.21.so
7f41960cf000-7f41962ce000 ---p 00003000 fc:00 2625678                    /lib/x86_64-linux-gnu/libdl-2.21.so
7f41962ce000-7f41962cf000 r--p 00002000 fc:00 2625678                    /lib/x86_64-linux-gnu/libdl-2.21.so
7f41962cf000-7f41962d0000 rw-p 00003000 fc:00 2625678                    /lib/x86_64-linux-gnu/libdl-2.21.so
7f41962d0000-7f41962e5000 r-xp 00000000 fc:00 40371690                   /home/us/dev/jdk1.8.0_20/lib/amd64/jli/libjli.so
7f41962e5000-7f41964e4000 ---p 00015000 fc:00 40371690                   /home/us/dev/jdk1.8.0_20/lib/amd64/jli/libjli.so
7f41964e4000-7f41964e5000 rw-p 00014000 fc:00 40371690                   /home/us/dev/jdk1.8.0_20/lib/amd64/jli/libjli.so
7f41964e5000-7f41964fd000 r-xp 00000000 fc:00 2625794                    /lib/x86_64-linux-gnu/libpthread-2.21.so
7f41964fd000-7f41966fd000 ---p 00018000 fc:00 2625794                    /lib/x86_64-linux-gnu/libpthread-2.21.so
7f41966fd000-7f41966fe000 r--p 00018000 fc:00 2625794                    /lib/x86_64-linux-gnu/libpthread-2.21.so
7f41966fe000-7f41966ff000 rw-p 00019000 fc:00 2625794                    /lib/x86_64-linux-gnu/libpthread-2.21.so
7f41966ff000-7f4196703000 rw-p 00000000 00:00 0 
7f4196703000-7f4196727000 r-xp 00000000 fc:00 2625633                    /lib/x86_64-linux-gnu/ld-2.21.so
7f4196730000-7f4196808000 rw-p 00000000 00:00 0 
7f4196808000-7f419680b000 ---p 00000000 00:00 0 
7f419680b000-7f419690d000 rw-p 00000000 00:00 0                          [stack:6195]
7f4196912000-7f4196913000 rw-p 00000000 00:00 0 
7f4196913000-7f419691a000 r--s 00000000 fc:00 12714791                   /usr/lib/x86_64-linux-gnu/gconv/gconv-modules.cache
7f419691a000-7f4196922000 rw-s 00000000 fc:00 9830415                    /tmp/hsperfdata_us/6193
7f4196922000-7f4196923000 rw-p 00000000 00:00 0 
7f4196923000-7f4196924000 r--p 00000000 00:00 0 
7f4196924000-7f4196926000 rw-p 00000000 00:00 0 
7f4196926000-7f4196927000 r--p 00023000 fc:00 2625633                    /lib/x86_64-linux-gnu/ld-2.21.so
7f4196927000-7f4196928000 rw-p 00024000 fc:00 2625633                    /lib/x86_64-linux-gnu/ld-2.21.so
7f4196928000-7f4196929000 rw-p 00000000 00:00 0 
7ffe5b7b5000-7ffe5b7d6000 rw-p 00000000 00:00 0                          [stack]
7ffe5b7ee000-7ffe5b7f0000 r--p 00000000 00:00 0                          [vvar]
7ffe5b7f0000-7ffe5b7f2000 r-xp 00000000 00:00 0                          [vdso]
ffffffffff600000-ffffffffff601000 r-xp 00000000 00:00 0                  [vsyscall]

VM Arguments:
jvm_args: -Dfile.encoding=UTF-8 
java_command: LongestLines src/main/resources/longestlines
java_class_path (initial): /home/us/dev/workspace/codeeval-solutions-java/target/classes
Launcher Type: SUN_STANDARD

Environment Variables:
JAVA_HOME=/usr/lib/jvm/java-8-oracle
PATH=/usr/local/sbin:/usr/local/bin:/usr/sbin:/usr/bin:/sbin:/bin:/usr/games:/usr/local/games:/usr/lib/jvm/java-8-oracle/bin:/usr/lib/jvm/java-8-oracle/db/bin:/usr/lib/jvm/java-8-oracle/jre/bin
SHELL=/bin/bash
DISPLAY=:0.0

Signal Handlers:
SIGSEGV: [libjvm.so+0xa77530], sa_mask[0]=11111111011111111101111111111110, sa_flags=SA_RESTART|SA_SIGINFO
SIGBUS: [libjvm.so+0xa77530], sa_mask[0]=11111111011111111101111111111110, sa_flags=SA_RESTART|SA_SIGINFO
SIGFPE: [libjvm.so+0x8e1d90], sa_mask[0]=11111111011111111101111111111110, sa_flags=SA_RESTART|SA_SIGINFO
SIGPIPE: [libjvm.so+0x8e1d90], sa_mask[0]=11111111011111111101111111111110, sa_flags=SA_RESTART|SA_SIGINFO
SIGXFSZ: [libjvm.so+0x8e1d90], sa_mask[0]=11111111011111111101111111111110, sa_flags=SA_RESTART|SA_SIGINFO
SIGILL: [libjvm.so+0x8e1d90], sa_mask[0]=11111111011111111101111111111110, sa_flags=SA_RESTART|SA_SIGINFO
SIGUSR1: SIG_DFL, sa_mask[0]=00000000000000000000000000000000, sa_flags=none
SIGUSR2: [libjvm.so+0x8e35c0], sa_mask[0]=00100000000000000000000000000000, sa_flags=SA_RESTART|SA_SIGINFO
SIGHUP: [libjvm.so+0x8e4980], sa_mask[0]=11111111011111111101111111111110, sa_flags=SA_RESTART|SA_SIGINFO
SIGINT: [libjvm.so+0x8e4980], sa_mask[0]=11111111011111111101111111111110, sa_flags=SA_RESTART|SA_SIGINFO
SIGTERM: [libjvm.so+0x8e4980], sa_mask[0]=11111111011111111101111111111110, sa_flags=SA_RESTART|SA_SIGINFO
SIGQUIT: [libjvm.so+0x8e4980], sa_mask[0]=11111111011111111101111111111110, sa_flags=SA_RESTART|SA_SIGINFO


---------------  S Y S T E M  ---------------

OS:DISTRIB_ID=Ubuntu
DISTRIB_RELEASE=15.04
DISTRIB_CODENAME=vivid
DISTRIB_DESCRIPTION="Ubuntu 15.04"

uname:Linux 3.19.0-18-generic #18-Ubuntu SMP Tue May 19 18:31:35 UTC 2015 x86_64
libc:glibc 2.21 NPTL 2.21 
rlimit: STACK 8192k, CORE 0k, NPROC 14948, NOFILE 65536, AS infinity
load average:0,94 0,42 0,68

/proc/meminfo:
MemTotal:        3850132 kB
MemFree:          111792 kB
MemAvailable:      78972 kB
Buffers:            1584 kB
Cached:           354192 kB
SwapCached:            0 kB
Active:          3315184 kB
Inactive:         279092 kB
Active(anon):    3297636 kB
Inactive(anon):   220624 kB
Active(file):      17548 kB
Inactive(file):    58468 kB
Unevictable:         160 kB
Mlocked:             160 kB
SwapTotal:             0 kB
SwapFree:              0 kB
Dirty:               156 kB
Writeback:             0 kB
AnonPages:       3239068 kB
Mapped:           200948 kB
Shmem:            279356 kB
Slab:              59044 kB
SReclaimable:      27276 kB
SUnreclaim:        31768 kB
KernelStack:        8928 kB
PageTables:        40532 kB
NFS_Unstable:          0 kB
Bounce:                0 kB
WritebackTmp:          0 kB
CommitLimit:     1925064 kB
Committed_AS:    6970672 kB
VmallocTotal:   34359738367 kB
VmallocUsed:      348132 kB
VmallocChunk:   34359300488 kB
HardwareCorrupted:     0 kB
AnonHugePages:   1091584 kB
CmaTotal:              0 kB
CmaFree:               0 kB
HugePages_Total:       0
HugePages_Free:        0
HugePages_Rsvd:        0
HugePages_Surp:        0
Hugepagesize:       2048 kB
DirectMap4k:      140948 kB
DirectMap2M:     3854336 kB


CPU:total 4 (4 cores per cpu, 1 threads per core) family 6 model 58 stepping 9, cmov, cx8, fxsr, mmx, sse, sse2, sse3, ssse3, sse4.1, sse4.2, popcnt, avx, aes, clmul, erms, tsc, tscinvbit, tscinv

/proc/cpuinfo:
processor	: 0
vendor_id	: GenuineIntel
cpu family	: 6
model		: 58
model name	: Intel(R) Core(TM) i5-3330 CPU @ 3.00GHz
stepping	: 9
microcode	: 0x1b
cpu MHz		: 1689.726
cache size	: 6144 KB
physical id	: 0
siblings	: 4
core id		: 0
cpu cores	: 4
apicid		: 0
initial apicid	: 0
fpu		: yes
fpu_exception	: yes
cpuid level	: 13
wp		: yes
flags		: fpu vme de pse tsc msr pae mce cx8 apic sep mtrr pge mca cmov pat pse36 clflush dts acpi mmx fxsr sse sse2 ss ht tm pbe syscall nx rdtscp lm constant_tsc arch_perfmon pebs bts rep_good nopl xtopology nonstop_tsc aperfmperf eagerfpu pni pclmulqdq dtes64 monitor ds_cpl vmx est tm2 ssse3 cx16 xtpr pdcm pcid sse4_1 sse4_2 x2apic popcnt tsc_deadline_timer aes xsave avx f16c rdrand lahf_lm ida arat epb pln pts dtherm tpr_shadow vnmi flexpriority ept vpid fsgsbase smep erms xsaveopt
bugs		:
bogomips	: 5986.72
clflush size	: 64
cache_alignment	: 64
address sizes	: 36 bits physical, 48 bits virtual
power management:

processor	: 1
vendor_id	: GenuineIntel
cpu family	: 6
model		: 58
model name	: Intel(R) Core(TM) i5-3330 CPU @ 3.00GHz
stepping	: 9
microcode	: 0x1b
cpu MHz		: 1622.109
cache size	: 6144 KB
physical id	: 0
siblings	: 4
core id		: 1
cpu cores	: 4
apicid		: 2
initial apicid	: 2
fpu		: yes
fpu_exception	: yes
cpuid level	: 13
wp		: yes
flags		: fpu vme de pse tsc msr pae mce cx8 apic sep mtrr pge mca cmov pat pse36 clflush dts acpi mmx fxsr sse sse2 ss ht tm pbe syscall nx rdtscp lm constant_tsc arch_perfmon pebs bts rep_good nopl xtopology nonstop_tsc aperfmperf eagerfpu pni pclmulqdq dtes64 monitor ds_cpl vmx est tm2 ssse3 cx16 xtpr pdcm pcid sse4_1 sse4_2 x2apic popcnt tsc_deadline_timer aes xsave avx f16c rdrand lahf_lm ida arat epb pln pts dtherm tpr_shadow vnmi flexpriority ept vpid fsgsbase smep erms xsaveopt
bugs		:
bogomips	: 5986.72
clflush size	: 64
cache_alignment	: 64
address sizes	: 36 bits physical, 48 bits virtual
power management:

processor	: 2
vendor_id	: GenuineIntel
cpu family	: 6
model		: 58
model name	: Intel(R) Core(TM) i5-3330 CPU @ 3.00GHz
stepping	: 9
microcode	: 0x1b
cpu MHz		: 1600.078
cache size	: 6144 KB
physical id	: 0
siblings	: 4
core id		: 2
cpu cores	: 4
apicid		: 4
initial apicid	: 4
fpu		: yes
fpu_exception	: yes
cpuid level	: 13
wp		: yes
flags		: fpu vme de pse tsc msr pae mce cx8 apic sep mtrr pge mca cmov pat pse36 clflush dts acpi mmx fxsr sse sse2 ss ht tm pbe syscall nx rdtscp lm constant_tsc arch_perfmon pebs bts rep_good nopl xtopology nonstop_tsc aperfmperf eagerfpu pni pclmulqdq dtes64 monitor ds_cpl vmx est tm2 ssse3 cx16 xtpr pdcm pcid sse4_1 sse4_2 x2apic popcnt tsc_deadline_timer aes xsave avx f16c rdrand lahf_lm ida arat epb pln pts dtherm tpr_shadow vnmi flexpriority ept vpid fsgsbase smep erms xsaveopt
bugs		:
bogomips	: 5986.72
clflush size	: 64
cache_alignment	: 64
address sizes	: 36 bits physical, 48 bits virtual
power management:

processor	: 3
vendor_id	: GenuineIntel
cpu family	: 6
model		: 58
model name	: Intel(R) Core(TM) i5-3330 CPU @ 3.00GHz
stepping	: 9
microcode	: 0x1b
cpu MHz		: 1688.320
cache size	: 6144 KB
physical id	: 0
siblings	: 4
core id		: 3
cpu cores	: 4
apicid		: 6
initial apicid	: 6
fpu		: yes
fpu_exception	: yes
cpuid level	: 13
wp		: yes
flags		: fpu vme de pse tsc msr pae mce cx8 apic sep mtrr pge mca cmov pat pse36 clflush dts acpi mmx fxsr sse sse2 ss ht tm pbe syscall nx rdtscp lm constant_tsc arch_perfmon pebs bts rep_good nopl xtopology nonstop_tsc aperfmperf eagerfpu pni pclmulqdq dtes64 monitor ds_cpl vmx est tm2 ssse3 cx16 xtpr pdcm pcid sse4_1 sse4_2 x2apic popcnt tsc_deadline_timer aes xsave avx f16c rdrand lahf_lm ida arat epb pln pts dtherm tpr_shadow vnmi flexpriority ept vpid fsgsbase smep erms xsaveopt
bugs		:
bogomips	: 5986.72
clflush size	: 64
cache_alignment	: 64
address sizes	: 36 bits physical, 48 bits virtual
power management:



Memory: 4k page, physical 3850132k(111792k free), swap 0k(0k free)

vm_info: Java HotSpot(TM) 64-Bit Server VM (25.20-b23) for linux-amd64 JRE (1.8.0_20-b26), built on Jul 30 2014 13:13:52 by "java_re" with gcc 4.3.0 20080428 (Red Hat 4.3.0-8)

time: Sat May 23 16:48:40 2015
elapsed time: 6 seconds (0d 0h 0m 6s)

